#
# There is insufficient memory for the Java Runtime Environment to continue.
# Native memory allocation (mmap) failed to map 132120576 bytes for Failed to commit area from 0x0000000082600000 to 0x000000008a400000 of length 132120576.
# Possible reasons:
#   The system is out of physical RAM or swap space
#   The process is running with CompressedOops enabled, and the Java Heap may be blocking the growth of the native heap
# Possible solutions:
#   Reduce memory load on the system
#   Increase physical memory or swap space
#   Check if swap backing store is full
#   Decrease Java heap size (-Xmx/-Xms)
#   Decrease number of Java threads
#   Decrease Java thread stack sizes (-Xss)
#   Set larger code cache with -XX:ReservedCodeCacheSize=
# This output file may be truncated or incomplete.
#
#  Out of Memory Error (c:/cygwin64/tmp/openjdk-jdk11u-windows-x64-hotspot/workspace/build/src/src/hotspot/os/windows/os_windows.cpp:3296), pid=5776, tid=21028
#
# JRE version:  (11.0.6+10) (build )
# Java VM: OpenJDK 64-Bit Server VM (11.0.6+10, mixed mode, sharing, tiered, compressed oops, g1 gc, windows-amd64)
# No core dump will be written. Minidumps are not enabled by default on client versions of Windows
#

---------------  S U M M A R Y ------------

Command Line: -agentlib:jdwp=transport=dt_socket,server=n,suspend=y,address=localhost:10704 -Dfile.encoding=UTF-8 KgToStones

Host: Intel(R) Core(TM) i5-6200U CPU @ 2.30GHz, 4 cores, 7G,  Windows 10 , 64 bit Build 18362 (10.0.18362.329)
Time: Wed Feb 12 18:36:19 2020 FLE Standard Time elapsed time: 0 seconds (0d 0h 0m 0s)

---------------  T H R E A D  ---------------

Current thread (0x0000020d8a4ca000):  JavaThread "Unknown thread" [_thread_in_vm, id=21028, stack(0x0000002be4200000,0x0000002be4300000)]

Stack: [0x0000002be4200000,0x0000002be4300000]
Native frames: (J=compiled Java code, j=interpreted, Vv=VM code, C=native code)
V  [jvm.dll+0x5db25a]
V  [jvm.dll+0x7111de]
V  [jvm.dll+0x712877]
V  [jvm.dll+0x712f43]
V  [jvm.dll+0x23fe78]
V  [jvm.dll+0x5d854a]
V  [jvm.dll+0x5cd2c5]
V  [jvm.dll+0x2f52fc]
V  [jvm.dll+0x2f5182]
V  [jvm.dll+0x2f9e36]
V  [jvm.dll+0x33b57f]
V  [jvm.dll+0x33afb0]
V  [jvm.dll+0x2d2708]
V  [jvm.dll+0x2d3856]
V  [jvm.dll+0x6eced7]
V  [jvm.dll+0x6ee65f]
V  [jvm.dll+0x348309]
V  [jvm.dll+0x6d14e0]
V  [jvm.dll+0x3afe7f]
V  [jvm.dll+0x3b24c1]
C  [jli.dll+0x51fb]
C  [ucrtbase.dll+0x20e72]
C  [KERNEL32.DLL+0x17bd4]
C  [ntdll.dll+0x6ced1]


---------------  P R O C E S S  ---------------

Threads class SMR info:
_java_thread_list=0x0000020d88304270, length=0, elements={
}

Java Threads: ( => current thread )

Other Threads:
  0x0000020d8a4e3800 GCTaskThread "GC Thread#0" [stack: 0x0000002be4300000,0x0000002be4400000] [id=29316]
  0x0000020d8a513000 ConcurrentGCThread "G1 Main Marker" [stack: 0x0000002be4400000,0x0000002be4500000] [id=41764]
  0x0000020d8a514800 ConcurrentGCThread "G1 Conc#0" [stack: 0x0000002be4500000,0x0000002be4600000] [id=44436]

[error occurred during error reporting (printing all threads), id 0xc0000005, EXCEPTION_ACCESS_VIOLATION (0xc0000005) at pc=0x00007ffb19d91d57]

VM state:not at safepoint (not fully initialized)

VM Mutex/Monitor currently owned by a thread:  ([mutex/lock_event])
[0x0000020d8a4c78c0] Heap_lock - owner thread: 0x0000020d8a4ca000

Heap address: 0x0000000082600000, size: 2010 MB, Compressed Oops mode: Non-zero based: 0x0000000082600000
Narrow klass base: 0x0000000000000000, Narrow klass shift: 0

GC Heap History (0 events):
No events

Deoptimization events (0 events):
No events

Classes redefined (0 events):
No events

Internal exceptions (0 events):
No events

Events (2 events):
Event: 0.018 Loaded shared library C:\Users\Work\AppData\Local\Programs\AdoptOpenJDK\bin\zip.dll
Event: 0.019 Loaded shared library C:\Users\Work\AppData\Local\Programs\AdoptOpenJDK\bin\jimage.dll


Dynamic libraries:
0x00007ff60d1c0000 - 0x00007ff60d1cd000 	C:\Users\Work\AppData\Local\Programs\AdoptOpenJDK\bin\java.exe
0x00007ffb5fb60000 - 0x00007ffb5fd50000 	C:\WINDOWS\SYSTEM32\ntdll.dll
0x00007ffb5f660000 - 0x00007ffb5f712000 	C:\WINDOWS\System32\KERNEL32.DLL
0x00007ffb5cea0000 - 0x00007ffb5d143000 	C:\WINDOWS\System32\KERNELBASE.dll
0x00007ffb5cc90000 - 0x00007ffb5cd8a000 	C:\WINDOWS\System32\ucrtbase.dll
0x00007ffb426b0000 - 0x00007ffb426c7000 	C:\Users\Work\AppData\Local\Programs\AdoptOpenJDK\bin\jli.dll
0x00007ffb5e640000 - 0x00007ffb5e7d4000 	C:\WINDOWS\System32\USER32.dll
0x00007ffb5db60000 - 0x00007ffb5db81000 	C:\WINDOWS\System32\win32u.dll
0x00007ffb5f150000 - 0x00007ffb5f176000 	C:\WINDOWS\System32\GDI32.dll
0x00007ffb5caf0000 - 0x00007ffb5cc84000 	C:\WINDOWS\System32\gdi32full.dll
0x00007ffb5d2a0000 - 0x00007ffb5d33e000 	C:\WINDOWS\System32\msvcp_win.dll
0x00007ffb41cf0000 - 0x00007ffb41d06000 	C:\Users\Work\AppData\Local\Programs\AdoptOpenJDK\bin\VCRUNTIME140.dll
0x00007ffb4b2a0000 - 0x00007ffb4b525000 	C:\WINDOWS\WinSxS\amd64_microsoft.windows.common-controls_6595b64144ccf1df_6.0.18362.592_none_e6c0b1911312be02\COMCTL32.dll
0x00007ffb5fa80000 - 0x00007ffb5fb1e000 	C:\WINDOWS\System32\msvcrt.dll
0x00007ffb5dc10000 - 0x00007ffb5df46000 	C:\WINDOWS\System32\combase.dll
0x00007ffb5f800000 - 0x00007ffb5f920000 	C:\WINDOWS\System32\RPCRT4.dll
0x00007ffb5db90000 - 0x00007ffb5dc10000 	C:\WINDOWS\System32\bcryptPrimitives.dll
0x00007ffb5e890000 - 0x00007ffb5e8be000 	C:\WINDOWS\System32\IMM32.DLL
0x00007ffb3f060000 - 0x00007ffb3f0fb000 	C:\Users\Work\AppData\Local\Programs\AdoptOpenJDK\bin\msvcp140.dll
0x00007ffb19ab0000 - 0x00007ffb1a56c000 	C:\Users\Work\AppData\Local\Programs\AdoptOpenJDK\bin\server\jvm.dll
0x00007ffb5ef40000 - 0x00007ffb5efe3000 	C:\WINDOWS\System32\ADVAPI32.dll
0x00007ffb5f920000 - 0x00007ffb5f9b7000 	C:\WINDOWS\System32\sechost.dll
0x00007ffb5f180000 - 0x00007ffb5f188000 	C:\WINDOWS\System32\PSAPI.DLL
0x00007ffb5a080000 - 0x00007ffb5a0a4000 	C:\WINDOWS\SYSTEM32\WINMM.dll
0x00007ffb4b6f0000 - 0x00007ffb4b6f9000 	C:\WINDOWS\SYSTEM32\WSOCK32.dll
0x00007ffb5f280000 - 0x00007ffb5f2ef000 	C:\WINDOWS\System32\WS2_32.dll
0x00007ffb5a050000 - 0x00007ffb5a07d000 	C:\WINDOWS\SYSTEM32\WINMMBASE.dll
0x00007ffb5d360000 - 0x00007ffb5d3aa000 	C:\WINDOWS\System32\cfgmgr32.dll
0x00007ffb4cc70000 - 0x00007ffb4cc7a000 	C:\WINDOWS\SYSTEM32\VERSION.dll
0x00007ffb5ca60000 - 0x00007ffb5ca71000 	C:\WINDOWS\System32\kernel.appcore.dll
0x00007ffb4b030000 - 0x00007ffb4b040000 	C:\Users\Work\AppData\Local\Programs\AdoptOpenJDK\bin\verify.dll
0x00007ffb5b050000 - 0x00007ffb5b244000 	C:\WINDOWS\SYSTEM32\DBGHELP.DLL
0x00007ffb37d00000 - 0x00007ffb37d2a000 	C:\WINDOWS\SYSTEM32\dbgcore.DLL
0x00007ffb41980000 - 0x00007ffb419a8000 	C:\Users\Work\AppData\Local\Programs\AdoptOpenJDK\bin\java.dll
0x00007ffb58d00000 - 0x00007ffb58d38000 	C:\Users\Work\AppData\Local\Programs\AdoptOpenJDK\bin\jdwp.dll
0x00007ffb41b10000 - 0x00007ffb41b27000 	C:\Users\Work\AppData\Local\Programs\AdoptOpenJDK\bin\zip.dll
0x00007ffb4a630000 - 0x00007ffb4a63a000 	C:\Users\Work\AppData\Local\Programs\AdoptOpenJDK\bin\jimage.dll

dbghelp: loaded successfully - version: 4.0.5 - missing functions: none
symbol engine: initialized successfully - sym options: 0x614 - pdb path: .;C:\Users\Work\AppData\Local\Programs\AdoptOpenJDK\bin;C:\WINDOWS\SYSTEM32;C:\WINDOWS\WinSxS\amd64_microsoft.windows.common-controls_6595b64144ccf1df_6.0.18362.592_none_e6c0b1911312be02;C:\Users\Work\AppData\Local\Programs\AdoptOpenJDK\bin\server

VM Arguments:
jvm_args: -agentlib:jdwp=transport=dt_socket,server=n,suspend=y,address=localhost:10704 -Dfile.encoding=UTF-8 
java_command: KgToStones
java_class_path (initial): C:\Users\Work\AppData\Roaming\Code\User\workspaceStorage\e175c2d2ec38ba0845371d7325846c6e\redhat.java\jdt_ws\w01_funktsioon_be8ea5f4\bin
Launcher Type: SUN_STANDARD

[Global flags]
     intx CICompilerCount                          = 3                                         {product} {ergonomic}
     uint ConcGCThreads                            = 1                                         {product} {ergonomic}
     uint G1ConcRefinementThreads                  = 4                                         {product} {ergonomic}
   size_t G1HeapRegionSize                         = 1048576                                   {product} {ergonomic}
    uintx GCDrainStackTargetSize                   = 64                                        {product} {ergonomic}
   size_t InitialHeapSize                          = 132120576                                 {product} {ergonomic}
   size_t MarkStackSize                            = 4194304                                   {product} {ergonomic}
   size_t MaxHeapSize                              = 2107637760                                {product} {ergonomic}
   size_t MinHeapDeltaBytes                        = 1048576                                   {product} {ergonomic}
    uintx NonNMethodCodeHeapSize                   = 5830732                                {pd product} {ergonomic}
    uintx NonProfiledCodeHeapSize                  = 122913754                              {pd product} {ergonomic}
    uintx ProfiledCodeHeapSize                     = 122913754                              {pd product} {ergonomic}
    uintx ReservedCodeCacheSize                    = 251658240                              {pd product} {ergonomic}
     bool SegmentedCodeCache                       = true                                      {product} {ergonomic}
     bool UseCompressedClassPointers               = true                                 {lp64_product} {ergonomic}
     bool UseCompressedOops                        = true                                 {lp64_product} {ergonomic}
     bool UseG1GC                                  = true                                      {product} {ergonomic}
     bool UseLargePagesIndividualAllocation        = false                                  {pd product} {ergonomic}

Logging:
Log output configuration:
 #0: stdout all=warning uptime,level,tags
 #1: stderr all=off uptime,level,tags

Environment Variables:
JAVA_HOME=C:\Users\Work\AppData\Local\Programs\AdoptOpenJDK\
PATH=C:\WINDOWS\system32;C:\WINDOWS;C:\WINDOWS\System32\Wbem;C:\WINDOWS\System32\WindowsPowerShell\v1.0\;C:\Program Files\Git\cmd;C:\WINDOWS\System32\OpenSSH\;C:\Program Files\nodejs\;C:\Program Files (x86)\IDEMIA\AWP\Dlls;C:\Program Files\IDEMIA\AWP\Dlls;C:\Program Files\PuTTY\;C:\Users\Work\AppData\Local\Programs\AdoptOpenJDK\bin;C:\Users\Work\AppData\Local\Programs\Python\Python37-32\Scripts\;C:\Users\Work\AppData\Local\Programs\Python\Python37-32\;C:\Users\Work\AppData\Local\Microsoft\WindowsApps;C:\Users\a\AppData\Local\atom\bin;C:\Users\Work\AppData\Local\Microsoft\WindowsApps;C:\Users\Work\AppData\Local\GitHubDesktop\bin;C:\Users\Work\AppData\Local\Programs\Microsoft VS Code\bin
USERNAME=Work
OS=Windows_NT
PROCESSOR_IDENTIFIER=Intel64 Family 6 Model 78 Stepping 3, GenuineIntel



---------------  S Y S T E M  ---------------

OS: Windows 10 , 64 bit Build 18362 (10.0.18362.329)

CPU:total 4 (initial active 4) (2 cores per cpu, 2 threads per core) family 6 model 78 stepping 3, cmov, cx8, fxsr, mmx, sse, sse2, sse3, ssse3, sse4.1, sse4.2, popcnt, avx, avx2, aes, clmul, erms, 3dnowpref, lzcnt, ht, tsc, tscinvbit, bmi1, bmi2, adx, fma

Memory: 4k page, system-wide physical 8032M (1064M free)
TotalPageFile size 12128M (AvailPageFile size 7M)
current process WorkingSet (physical memory assigned to process): 9M, peak: 9M
current process commit charge ("private bytes"): 51M, peak: 177M

vm_info: OpenJDK 64-Bit Server VM (11.0.6+10) for windows-amd64 JRE (11.0.6+10), built on Jan 15 2020 06:14:58 by "" with MS VC++ 15.8 (VS2017)

END.
