#
# There is insufficient memory for the Java Runtime Environment to continue.
# Native memory allocation (malloc) failed to allocate 2110896 bytes for Chunk::new
# Possible reasons:
#   The system is out of physical RAM or swap space
#   The process is running with CompressedOops enabled, and the Java Heap may be blocking the growth of the native heap
# Possible solutions:
#   Reduce memory load on the system
#   Increase physical memory or swap space
#   Check if swap backing store is full
#   Decrease Java heap size (-Xmx/-Xms)
#   Decrease number of Java threads
#   Decrease Java thread stack sizes (-Xss)
#   Set larger code cache with -XX:ReservedCodeCacheSize=
#   JVM is running with Unscaled Compressed Oops mode in which the Java heap is
#     placed in the first 4GB address space. The Java Heap base address is the
#     maximum limit for the native heap growth. Please use -XX:HeapBaseMinAddress
#     to set the Java Heap base and to place the Java Heap above 4GB virtual address.
# This output file may be truncated or incomplete.
#
#  Out of Memory Error (c:/cygwin64/tmp/openjdk-jdk11u-windows-x64-hotspot/workspace/build/src/src/hotspot/share/memory/arena.cpp:197), pid=44660, tid=43568
#
# JRE version: OpenJDK Runtime Environment (11.0.6+10) (build 11.0.6+10)
# Java VM: OpenJDK 64-Bit Server VM (11.0.6+10, mixed mode, tiered, compressed oops, g1 gc, windows-amd64)
# No core dump will be written. Minidumps are not enabled by default on client versions of Windows
#

---------------  S U M M A R Y ------------

Command Line: --add-modules=ALL-SYSTEM --add-opens=java.base/java.util=ALL-UNNAMED --add-opens=java.base/java.lang=ALL-UNNAMED -Declipse.application=org.eclipse.jdt.ls.core.id1 -Dosgi.bundles.defaultStartLevel=4 -Declipse.product=org.eclipse.jdt.ls.core.product -Dfile.encoding=utf8 -DwatchParentProcess=false -Xverify:none -Xmx1G -XX:+UseG1GC -XX:+UseStringDeduplication c:\Users\Work\.vscode\extensions\redhat.java-0.55.1\server\plugins\org.eclipse.equinox.launcher_1.5.600.v20191014-2022.jar -configuration c:\Users\Work\.vscode\extensions\redhat.java-0.55.1\server\config_win -data c:\Users\Work\AppData\Roaming\Code\User\workspaceStorage\e175c2d2ec38ba0845371d7325846c6e\redhat.java\jdt_ws

Host: Intel(R) Core(TM) i5-6200U CPU @ 2.30GHz, 4 cores, 7G,  Windows 10 , 64 bit Build 18362 (10.0.18362.329)
Time: Wed Feb 12 18:40:03 2020 FLE Standard Time elapsed time: 666 seconds (0d 0h 11m 6s)

---------------  T H R E A D  ---------------

Current thread (0x00000294a8103800):  JavaThread "C2 CompilerThread0" daemon [_thread_in_native, id=43568, stack(0x000000b564300000,0x000000b564400000)]


Current CompileTask:
C2: 666923 8846       4       org.eclipse.jdt.internal.core.NameLookup::seekModule (180 bytes)

Stack: [0x000000b564300000,0x000000b564400000]
Native frames: (J=compiled Java code, j=interpreted, Vv=VM code, C=native code)
V  [jvm.dll+0x5db25a]
V  [jvm.dll+0x7111de]
V  [jvm.dll+0x712877]
V  [jvm.dll+0x712f43]
V  [jvm.dll+0x23fe78]
V  [jvm.dll+0xb8f0c]
V  [jvm.dll+0xb949c]
V  [jvm.dll+0x342897]
V  [jvm.dll+0x310763]
V  [jvm.dll+0x30fb4a]
V  [jvm.dll+0x1f9d45]
V  [jvm.dll+0x1f8eff]
V  [jvm.dll+0x17d96c]
V  [jvm.dll+0x2080b7]
V  [jvm.dll+0x20639b]
V  [jvm.dll+0x6d70bc]
V  [jvm.dll+0x6d01ec]
V  [jvm.dll+0x5da1e6]
C  [ucrtbase.dll+0x20e72]
C  [KERNEL32.DLL+0x17bd4]
C  [ntdll.dll+0x6ced1]


---------------  P R O C E S S  ---------------

Threads class SMR info:
_java_thread_list=0x00000294abee06a0, length=24, elements={
0x000002948976c800, 0x00000294a7793800, 0x00000294a77d6800, 0x00000294a80fc000,
0x00000294a80fd000, 0x00000294a8103800, 0x00000294a8161000, 0x00000294a816e000,
0x00000294a82c3800, 0x00000294a839a000, 0x00000294a8bb7000, 0x00000294a897d800,
0x00000294a9c37800, 0x00000294a8778000, 0x00000294a9812800, 0x00000294a8ce6800,
0x00000294a86c9800, 0x00000294a8322800, 0x00000294aa1ff800, 0x00000294aa1fb800,
0x00000294aa1fc000, 0x00000294aa1fe800, 0x00000294aa200800, 0x00000294aa201000
}

Java Threads: ( => current thread )
  0x000002948976c800 JavaThread "main" [_thread_blocked, id=49552, stack(0x000000b563700000,0x000000b563800000)]
  0x00000294a7793800 JavaThread "Reference Handler" daemon [_thread_blocked, id=30960, stack(0x000000b563f00000,0x000000b564000000)]
  0x00000294a77d6800 JavaThread "Finalizer" daemon [_thread_blocked, id=24384, stack(0x000000b564000000,0x000000b564100000)]
  0x00000294a80fc000 JavaThread "Signal Dispatcher" daemon [_thread_blocked, id=63872, stack(0x000000b564100000,0x000000b564200000)]
  0x00000294a80fd000 JavaThread "Attach Listener" daemon [_thread_blocked, id=60056, stack(0x000000b564200000,0x000000b564300000)]
=>0x00000294a8103800 JavaThread "C2 CompilerThread0" daemon [_thread_in_native, id=43568, stack(0x000000b564300000,0x000000b564400000)]
  0x00000294a8161000 JavaThread "C1 CompilerThread0" daemon [_thread_blocked, id=37736, stack(0x000000b564400000,0x000000b564500000)]
  0x00000294a816e000 JavaThread "Sweeper thread" daemon [_thread_blocked, id=59812, stack(0x000000b564500000,0x000000b564600000)]
  0x00000294a82c3800 JavaThread "Common-Cleaner" daemon [_thread_blocked, id=36040, stack(0x000000b564600000,0x000000b564700000)]
  0x00000294a839a000 JavaThread "Service Thread" daemon [_thread_blocked, id=63412, stack(0x000000b564800000,0x000000b564900000)]
  0x00000294a8bb7000 JavaThread "Active Thread: Equinox Container: 63d71bc2-6e04-4f52-9050-e68e97dcbf1e" [_thread_blocked, id=12400, stack(0x000000b564c00000,0x000000b564d00000)]
  0x00000294a897d800 JavaThread "Framework Event Dispatcher: Equinox Container: 63d71bc2-6e04-4f52-9050-e68e97dcbf1e" daemon [_thread_blocked, id=52868, stack(0x000000b564700000,0x000000b564800000)]
  0x00000294a9c37800 JavaThread "Start Level: Equinox Container: 63d71bc2-6e04-4f52-9050-e68e97dcbf1e" daemon [_thread_blocked, id=33536, stack(0x000000b564d00000,0x000000b564e00000)]
  0x00000294a8778000 JavaThread "Bundle File Closer" daemon [_thread_blocked, id=56356, stack(0x000000b564e00000,0x000000b564f00000)]
  0x00000294a9812800 JavaThread "Worker-JM" [_thread_blocked, id=17228, stack(0x000000b565000000,0x000000b565100000)]
  0x00000294a8ce6800 JavaThread "Java indexing" daemon [_thread_blocked, id=26256, stack(0x000000b565300000,0x000000b565400000)]
  0x00000294a86c9800 JavaThread "pool-1-thread-1" [_thread_in_native, id=39736, stack(0x000000b565500000,0x000000b565600000)]
  0x00000294a8322800 JavaThread "Worker-2" [_thread_blocked, id=10444, stack(0x000000b565400000,0x000000b565500000)]
  0x00000294aa1ff800 JavaThread "ForkJoinPool.commonPool-worker-1" daemon [_thread_blocked, id=38992, stack(0x000000b563500000,0x000000b563600000)]
  0x00000294aa1fb800 JavaThread "Worker-6" [_thread_blocked, id=10080, stack(0x000000b565100000,0x000000b565200000)]
  0x00000294aa1fc000 JavaThread "Java Debug Server" daemon [_thread_in_native, id=46144, stack(0x000000b563600000,0x000000b563700000)]
  0x00000294aa1fe800 JavaThread "RxSchedulerPurge-1" daemon [_thread_blocked, id=43684, stack(0x000000b565700000,0x000000b565800000)]
  0x00000294aa200800 JavaThread "RxCachedWorkerPoolEvictor-1" daemon [_thread_blocked, id=36764, stack(0x000000b565800000,0x000000b565900000)]
  0x00000294aa201000 JavaThread "C2 CompilerThread1" daemon [_thread_in_native, id=69500, stack(0x000000b564f00000,0x000000b565000000)]

Other Threads:
  0x00000294a778e800 VMThread "VM Thread" [stack: 0x000000b563e00000,0x000000b563f00000] [id=18124]
  0x00000294a84f8800 WatcherThread [stack: 0x000000b564900000,0x000000b564a00000] [id=14204]
  0x0000029489786000 GCTaskThread "GC Thread#0" [stack: 0x000000b563800000,0x000000b563900000] [id=48276]
  0x00000294a99ad800 GCTaskThread "GC Thread#1" [stack: 0x000000b564a00000,0x000000b564b00000] [id=68028]
  0x00000294a93de000 GCTaskThread "GC Thread#2" [stack: 0x000000b564b00000,0x000000b564c00000] [id=56568]
  0x00000294a99e2800 GCTaskThread "GC Thread#3" [stack: 0x000000b565200000,0x000000b565300000] [id=47496]
  0x00000294897a0800 ConcurrentGCThread "G1 Main Marker" [stack: 0x000000b563900000,0x000000b563a00000] [id=10944]
  0x00000294897a3000 ConcurrentGCThread "G1 Conc#0" [stack: 0x000000b563a00000,0x000000b563b00000] [id=54416]
  0x000002948982c800 ConcurrentGCThread "G1 Refine#0" [stack: 0x000000b563b00000,0x000000b563c00000] [id=64340]
  0x00000294ace0b000 ConcurrentGCThread "G1 Refine#1" [stack: 0x000000b566000000,0x000000b566100000] [id=12004]
  0x00000294a8ad2800 ConcurrentGCThread "G1 Refine#2" [stack: 0x000000b565f00000,0x000000b566000000] [id=27104]
  0x00000294adc94000 ConcurrentGCThread "G1 Refine#3" [stack: 0x000000b566100000,0x000000b566200000] [id=48192]
  0x000002948982d800 ConcurrentGCThread "G1 Young RemSet Sampling" [stack: 0x000000b563c00000,0x000000b563d00000] [id=36628]
  0x0000029489833800 ConcurrentGCThread "StrDedup" [stack: 0x000000b563d00000,0x000000b563e00000] [id=46028]

Threads with active compile tasks:
C2 CompilerThread0 666969 8846       4       org.eclipse.jdt.internal.core.NameLookup::seekModule (180 bytes)
C2 CompilerThread1 666969 8885       4       org.eclipse.jdt.internal.core.NameLookup::isPackage (64 bytes)

VM state:not at safepoint (normal execution)

VM Mutex/Monitor currently owned by a thread: None

Heap address: 0x00000000c0000000, size: 1024 MB, Compressed Oops mode: 32-bit
Narrow klass base: 0x0000000000000000, Narrow klass shift: 3
Compressed class space size: 1073741824 Address: 0x0000000100000000

Heap:
 garbage-first heap   total 156672K, used 95113K [0x00000000c0000000, 0x0000000100000000)
  region size 1024K, 6 young (6144K), 1 survivors (1024K)
 Metaspace       used 64689K, capacity 67942K, committed 68092K, reserved 1110016K
  class space    used 6317K, capacity 7452K, committed 7500K, reserved 1048576K
Heap Regions: E=young(eden), S=young(survivor), O=old, HS=humongous(starts), HC=humongous(continues), CS=collection set, F=free, A=archive, TAMS=top-at-mark-start (previous, next)
|   0|0x00000000c0000000, 0x00000000c0100000, 0x00000000c0100000|100%| O|  |TAMS 0x00000000c0100000, 0x00000000c0000000| Untracked 
|   1|0x00000000c0100000, 0x00000000c0200000, 0x00000000c0200000|100%| O|  |TAMS 0x00000000c0200000, 0x00000000c0100000| Untracked 
|   2|0x00000000c0200000, 0x00000000c0300000, 0x00000000c0300000|100%| O|  |TAMS 0x00000000c0300000, 0x00000000c0200000| Complete 
|   3|0x00000000c0300000, 0x00000000c0400000, 0x00000000c0400000|100%| O|  |TAMS 0x00000000c0400000, 0x00000000c0300000| Complete 
|   4|0x00000000c0400000, 0x00000000c0500000, 0x00000000c0500000|100%| O|  |TAMS 0x00000000c0500000, 0x00000000c0400000| Untracked 
|   5|0x00000000c0500000, 0x00000000c0600000, 0x00000000c0600000|100%| O|  |TAMS 0x00000000c0600000, 0x00000000c0500000| Complete 
|   6|0x00000000c0600000, 0x00000000c0700000, 0x00000000c0700000|100%| O|  |TAMS 0x00000000c0700000, 0x00000000c0600000| Untracked 
|   7|0x00000000c0700000, 0x00000000c0800000, 0x00000000c0800000|100%| O|  |TAMS 0x00000000c0800000, 0x00000000c0700000| Untracked 
|   8|0x00000000c0800000, 0x00000000c0900000, 0x00000000c0900000|100%| O|  |TAMS 0x00000000c0900000, 0x00000000c0800000| Untracked 
|   9|0x00000000c0900000, 0x00000000c0a00000, 0x00000000c0a00000|100%| O|  |TAMS 0x00000000c0a00000, 0x00000000c0900000| Complete 
|  10|0x00000000c0a00000, 0x00000000c0b00000, 0x00000000c0b00000|100%| O|  |TAMS 0x00000000c0b00000, 0x00000000c0a00000| Complete 
|  11|0x00000000c0b00000, 0x00000000c0c00000, 0x00000000c0c00000|100%| O|  |TAMS 0x00000000c0c00000, 0x00000000c0b00000| Untracked 
|  12|0x00000000c0c00000, 0x00000000c0d00000, 0x00000000c0d00000|100%| O|  |TAMS 0x00000000c0d00000, 0x00000000c0c00000| Untracked 
|  13|0x00000000c0d00000, 0x00000000c0e00000, 0x00000000c0e00000|100%| O|  |TAMS 0x00000000c0e00000, 0x00000000c0d00000| Untracked 
|  14|0x00000000c0e00000, 0x00000000c0f00000, 0x00000000c0f00000|100%| O|  |TAMS 0x00000000c0f00000, 0x00000000c0e00000| Untracked 
|  15|0x00000000c0f00000, 0x00000000c1000000, 0x00000000c1000000|100%| O|  |TAMS 0x00000000c1000000, 0x00000000c0f00000| Untracked 
|  16|0x00000000c1000000, 0x00000000c1100000, 0x00000000c1100000|100%| O|  |TAMS 0x00000000c1100000, 0x00000000c1000000| Complete 
|  17|0x00000000c1100000, 0x00000000c1200000, 0x00000000c1200000|100%| O|  |TAMS 0x00000000c1200000, 0x00000000c1100000| Untracked 
|  18|0x00000000c1200000, 0x00000000c1300000, 0x00000000c1300000|100%| O|  |TAMS 0x00000000c1300000, 0x00000000c1200000| Untracked 
|  19|0x00000000c1300000, 0x00000000c1400000, 0x00000000c1400000|100%| O|  |TAMS 0x00000000c1400000, 0x00000000c1300000| Complete 
|  20|0x00000000c1400000, 0x00000000c1500000, 0x00000000c1500000|100%| O|  |TAMS 0x00000000c1500000, 0x00000000c1400000| Complete 
|  21|0x00000000c1500000, 0x00000000c1600000, 0x00000000c1600000|100%|HS|  |TAMS 0x00000000c1600000, 0x00000000c1500000| Complete 
|  22|0x00000000c1600000, 0x00000000c1700000, 0x00000000c1700000|100%| O|  |TAMS 0x00000000c1700000, 0x00000000c1600000| Untracked 
|  23|0x00000000c1700000, 0x00000000c1800000, 0x00000000c1800000|100%| O|  |TAMS 0x00000000c1800000, 0x00000000c1700000| Untracked 
|  24|0x00000000c1800000, 0x00000000c1900000, 0x00000000c1900000|100%| O|  |TAMS 0x00000000c1900000, 0x00000000c1800000| Untracked 
|  25|0x00000000c1900000, 0x00000000c1a00000, 0x00000000c1a00000|100%| O|  |TAMS 0x00000000c1a00000, 0x00000000c1900000| Untracked 
|  26|0x00000000c1a00000, 0x00000000c1b00000, 0x00000000c1b00000|100%|HS|  |TAMS 0x00000000c1b00000, 0x00000000c1a00000| Complete 
|  27|0x00000000c1b00000, 0x00000000c1c00000, 0x00000000c1c00000|100%| O|  |TAMS 0x00000000c1c00000, 0x00000000c1b00000| Untracked 
|  28|0x00000000c1c00000, 0x00000000c1c00000, 0x00000000c1d00000|  0%| F|  |TAMS 0x00000000c1c00000, 0x00000000c1c00000| Untracked 
|  29|0x00000000c1d00000, 0x00000000c1e00000, 0x00000000c1e00000|100%| O|  |TAMS 0x00000000c1e00000, 0x00000000c1d00000| Complete 
|  30|0x00000000c1e00000, 0x00000000c1f00000, 0x00000000c1f00000|100%| O|  |TAMS 0x00000000c1f00000, 0x00000000c1e00000| Complete 
|  31|0x00000000c1f00000, 0x00000000c2000000, 0x00000000c2000000|100%| O|  |TAMS 0x00000000c2000000, 0x00000000c1f00000| Complete 
|  32|0x00000000c2000000, 0x00000000c2100000, 0x00000000c2100000|100%| O|  |TAMS 0x00000000c2100000, 0x00000000c2000000| Complete 
|  33|0x00000000c2100000, 0x00000000c2200000, 0x00000000c2200000|100%| O|  |TAMS 0x00000000c2200000, 0x00000000c2100000| Complete 
|  34|0x00000000c2200000, 0x00000000c2300000, 0x00000000c2300000|100%| O|  |TAMS 0x00000000c2300000, 0x00000000c2200000| Complete 
|  35|0x00000000c2300000, 0x00000000c2300000, 0x00000000c2400000|  0%| F|  |TAMS 0x00000000c2300000, 0x00000000c2300000| Untracked 
|  36|0x00000000c2400000, 0x00000000c2500000, 0x00000000c2500000|100%| O|  |TAMS 0x00000000c2500000, 0x00000000c2400000| Complete 
|  37|0x00000000c2500000, 0x00000000c2600000, 0x00000000c2600000|100%| O|  |TAMS 0x00000000c2600000, 0x00000000c2500000| Untracked 
|  38|0x00000000c2600000, 0x00000000c2700000, 0x00000000c2700000|100%| O|  |TAMS 0x00000000c2700000, 0x00000000c2600000| Untracked 
|  39|0x00000000c2700000, 0x00000000c2800000, 0x00000000c2800000|100%| O|  |TAMS 0x00000000c2800000, 0x00000000c2700000| Complete 
|  40|0x00000000c2800000, 0x00000000c2900000, 0x00000000c2900000|100%| O|  |TAMS 0x00000000c2900000, 0x00000000c2800000| Untracked 
|  41|0x00000000c2900000, 0x00000000c2900000, 0x00000000c2a00000|  0%| F|  |TAMS 0x00000000c2900000, 0x00000000c2900000| Untracked 
|  42|0x00000000c2a00000, 0x00000000c2b00000, 0x00000000c2b00000|100%| O|  |TAMS 0x00000000c2b00000, 0x00000000c2a00000| Untracked 
|  43|0x00000000c2b00000, 0x00000000c2c00000, 0x00000000c2c00000|100%| O|  |TAMS 0x00000000c2c00000, 0x00000000c2b00000| Untracked 
|  44|0x00000000c2c00000, 0x00000000c2d00000, 0x00000000c2d00000|100%| O|  |TAMS 0x00000000c2d00000, 0x00000000c2c00000| Untracked 
|  45|0x00000000c2d00000, 0x00000000c2d00000, 0x00000000c2e00000|  0%| F|  |TAMS 0x00000000c2d00000, 0x00000000c2d00000| Untracked 
|  46|0x00000000c2e00000, 0x00000000c2f00000, 0x00000000c2f00000|100%| O|  |TAMS 0x00000000c2f00000, 0x00000000c2e00000| Complete 
|  47|0x00000000c2f00000, 0x00000000c3000000, 0x00000000c3000000|100%| O|  |TAMS 0x00000000c3000000, 0x00000000c2f00000| Untracked 
|  48|0x00000000c3000000, 0x00000000c3100000, 0x00000000c3100000|100%| O|  |TAMS 0x00000000c3100000, 0x00000000c3000000| Untracked 
|  49|0x00000000c3100000, 0x00000000c3200000, 0x00000000c3200000|100%| O|  |TAMS 0x00000000c3200000, 0x00000000c3100000| Untracked 
|  50|0x00000000c3200000, 0x00000000c3300000, 0x00000000c3300000|100%| O|  |TAMS 0x00000000c3300000, 0x00000000c3200000| Untracked 
|  51|0x00000000c3300000, 0x00000000c3400000, 0x00000000c3400000|100%| O|  |TAMS 0x00000000c3400000, 0x00000000c3300000| Untracked 
|  52|0x00000000c3400000, 0x00000000c3500000, 0x00000000c3500000|100%| O|  |TAMS 0x00000000c3500000, 0x00000000c3400000| Untracked 
|  53|0x00000000c3500000, 0x00000000c3500000, 0x00000000c3600000|  0%| F|  |TAMS 0x00000000c3500000, 0x00000000c3500000| Untracked 
|  54|0x00000000c3600000, 0x00000000c3600000, 0x00000000c3700000|  0%| F|  |TAMS 0x00000000c3600000, 0x00000000c3600000| Untracked 
|  55|0x00000000c3700000, 0x00000000c3800000, 0x00000000c3800000|100%| O|  |TAMS 0x00000000c3800000, 0x00000000c3700000| Complete 
|  56|0x00000000c3800000, 0x00000000c3800000, 0x00000000c3900000|  0%| F|  |TAMS 0x00000000c3800000, 0x00000000c3800000| Untracked 
|  57|0x00000000c3900000, 0x00000000c3900000, 0x00000000c3a00000|  0%| F|  |TAMS 0x00000000c3900000, 0x00000000c3900000| Untracked 
|  58|0x00000000c3a00000, 0x00000000c3a00000, 0x00000000c3b00000|  0%| F|  |TAMS 0x00000000c3a00000, 0x00000000c3a00000| Untracked 
|  59|0x00000000c3b00000, 0x00000000c3c00000, 0x00000000c3c00000|100%| O|  |TAMS 0x00000000c3c00000, 0x00000000c3b00000| Complete 
|  60|0x00000000c3c00000, 0x00000000c3d00000, 0x00000000c3d00000|100%| O|  |TAMS 0x00000000c3d00000, 0x00000000c3c00000| Untracked 
|  61|0x00000000c3d00000, 0x00000000c3e00000, 0x00000000c3e00000|100%| O|  |TAMS 0x00000000c3e00000, 0x00000000c3d00000| Complete 
|  62|0x00000000c3e00000, 0x00000000c3f00000, 0x00000000c3f00000|100%| O|  |TAMS 0x00000000c3f00000, 0x00000000c3e00000| Untracked 
|  63|0x00000000c3f00000, 0x00000000c4000000, 0x00000000c4000000|100%| O|  |TAMS 0x00000000c4000000, 0x00000000c3f00000| Untracked 
|  64|0x00000000c4000000, 0x00000000c4100000, 0x00000000c4100000|100%| O|  |TAMS 0x00000000c4100000, 0x00000000c4000000| Untracked 
|  65|0x00000000c4100000, 0x00000000c4200000, 0x00000000c4200000|100%| O|  |TAMS 0x00000000c4200000, 0x00000000c4100000| Untracked 
|  66|0x00000000c4200000, 0x00000000c4300000, 0x00000000c4300000|100%| O|  |TAMS 0x00000000c4300000, 0x00000000c4200000| Untracked 
|  67|0x00000000c4300000, 0x00000000c4400000, 0x00000000c4400000|100%| O|  |TAMS 0x00000000c4400000, 0x00000000c4300000| Untracked 
|  68|0x00000000c4400000, 0x00000000c4500000, 0x00000000c4500000|100%| O|  |TAMS 0x00000000c4500000, 0x00000000c4400000| Untracked 
|  69|0x00000000c4500000, 0x00000000c4600000, 0x00000000c4600000|100%| O|  |TAMS 0x00000000c4600000, 0x00000000c4500000| Untracked 
|  70|0x00000000c4600000, 0x00000000c4700000, 0x00000000c4700000|100%| O|  |TAMS 0x00000000c4700000, 0x00000000c4600000| Complete 
|  71|0x00000000c4700000, 0x00000000c4700000, 0x00000000c4800000|  0%| F|  |TAMS 0x00000000c4700000, 0x00000000c4700000| Untracked 
|  72|0x00000000c4800000, 0x00000000c4900000, 0x00000000c4900000|100%| O|  |TAMS 0x00000000c4900000, 0x00000000c4800000| Complete 
|  73|0x00000000c4900000, 0x00000000c4900000, 0x00000000c4a00000|  0%| F|  |TAMS 0x00000000c4900000, 0x00000000c4900000| Untracked 
|  74|0x00000000c4a00000, 0x00000000c4b00000, 0x00000000c4b00000|100%| O|  |TAMS 0x00000000c4b00000, 0x00000000c4a00000| Complete 
|  75|0x00000000c4b00000, 0x00000000c4c00000, 0x00000000c4c00000|100%| O|  |TAMS 0x00000000c4c00000, 0x00000000c4b00000| Complete 
|  76|0x00000000c4c00000, 0x00000000c4d00000, 0x00000000c4d00000|100%| O|  |TAMS 0x00000000c4d00000, 0x00000000c4c00000| Complete 
|  77|0x00000000c4d00000, 0x00000000c4e00000, 0x00000000c4e00000|100%| O|  |TAMS 0x00000000c4e00000, 0x00000000c4d00000| Complete 
|  78|0x00000000c4e00000, 0x00000000c4f00000, 0x00000000c4f00000|100%| O|  |TAMS 0x00000000c4f00000, 0x00000000c4e00000| Complete 
|  79|0x00000000c4f00000, 0x00000000c5000000, 0x00000000c5000000|100%| O|  |TAMS 0x00000000c5000000, 0x00000000c4f00000| Complete 
|  80|0x00000000c5000000, 0x00000000c5100000, 0x00000000c5100000|100%| O|  |TAMS 0x00000000c5100000, 0x00000000c5000000| Complete 
|  81|0x00000000c5100000, 0x00000000c5200000, 0x00000000c5200000|100%| O|  |TAMS 0x00000000c5200000, 0x00000000c5100000| Complete 
|  82|0x00000000c5200000, 0x00000000c5251200, 0x00000000c5300000| 31%| O|  |TAMS 0x00000000c5251200, 0x00000000c5200000| Untracked 
|  83|0x00000000c5300000, 0x00000000c5300000, 0x00000000c5400000|  0%| F|  |TAMS 0x00000000c5300000, 0x00000000c5300000| Untracked 
|  84|0x00000000c5400000, 0x00000000c5400000, 0x00000000c5500000|  0%| F|  |TAMS 0x00000000c5400000, 0x00000000c5400000| Untracked 
|  85|0x00000000c5500000, 0x00000000c5500000, 0x00000000c5600000|  0%| F|  |TAMS 0x00000000c5500000, 0x00000000c5500000| Untracked 
|  86|0x00000000c5600000, 0x00000000c5600000, 0x00000000c5700000|  0%| F|  |TAMS 0x00000000c5600000, 0x00000000c5600000| Untracked 
|  87|0x00000000c5700000, 0x00000000c5700000, 0x00000000c5800000|  0%| F|  |TAMS 0x00000000c5700000, 0x00000000c5700000| Untracked 
|  88|0x00000000c5800000, 0x00000000c5800000, 0x00000000c5900000|  0%| F|  |TAMS 0x00000000c5800000, 0x00000000c5800000| Untracked 
|  89|0x00000000c5900000, 0x00000000c5900000, 0x00000000c5a00000|  0%| F|  |TAMS 0x00000000c5900000, 0x00000000c5900000| Untracked 
|  90|0x00000000c5a00000, 0x00000000c5a00000, 0x00000000c5b00000|  0%| F|  |TAMS 0x00000000c5a00000, 0x00000000c5a00000| Untracked 
|  91|0x00000000c5b00000, 0x00000000c5b00000, 0x00000000c5c00000|  0%| F|  |TAMS 0x00000000c5b00000, 0x00000000c5b00000| Untracked 
|  92|0x00000000c5c00000, 0x00000000c5c00000, 0x00000000c5d00000|  0%| F|  |TAMS 0x00000000c5c00000, 0x00000000c5c00000| Untracked 
|  93|0x00000000c5d00000, 0x00000000c5d00000, 0x00000000c5e00000|  0%| F|  |TAMS 0x00000000c5d00000, 0x00000000c5d00000| Untracked 
|  94|0x00000000c5e00000, 0x00000000c5e00000, 0x00000000c5f00000|  0%| F|  |TAMS 0x00000000c5e00000, 0x00000000c5e00000| Untracked 
|  95|0x00000000c5f00000, 0x00000000c5f00000, 0x00000000c6000000|  0%| F|  |TAMS 0x00000000c5f00000, 0x00000000c5f00000| Untracked 
|  96|0x00000000c6000000, 0x00000000c6000000, 0x00000000c6100000|  0%| F|  |TAMS 0x00000000c6000000, 0x00000000c6000000| Untracked 
|  97|0x00000000c6100000, 0x00000000c6100000, 0x00000000c6200000|  0%| F|  |TAMS 0x00000000c6100000, 0x00000000c6100000| Untracked 
|  98|0x00000000c6200000, 0x00000000c6200000, 0x00000000c6300000|  0%| F|  |TAMS 0x00000000c6200000, 0x00000000c6200000| Untracked 
|  99|0x00000000c6300000, 0x00000000c6300000, 0x00000000c6400000|  0%| F|  |TAMS 0x00000000c6300000, 0x00000000c6300000| Untracked 
| 100|0x00000000c6400000, 0x00000000c6400000, 0x00000000c6500000|  0%| F|  |TAMS 0x00000000c6400000, 0x00000000c6400000| Untracked 
| 101|0x00000000c6500000, 0x00000000c6500000, 0x00000000c6600000|  0%| F|  |TAMS 0x00000000c6500000, 0x00000000c6500000| Untracked 
| 102|0x00000000c6600000, 0x00000000c6600000, 0x00000000c6700000|  0%| F|  |TAMS 0x00000000c6600000, 0x00000000c6600000| Untracked 
| 103|0x00000000c6700000, 0x00000000c6700000, 0x00000000c6800000|  0%| F|  |TAMS 0x00000000c6700000, 0x00000000c6700000| Untracked 
| 104|0x00000000c6800000, 0x00000000c6800000, 0x00000000c6900000|  0%| F|  |TAMS 0x00000000c6800000, 0x00000000c6800000| Untracked 
| 105|0x00000000c6900000, 0x00000000c6991598, 0x00000000c6a00000| 56%| S|CS|TAMS 0x00000000c6900000, 0x00000000c6900000| Complete 
| 106|0x00000000c6a00000, 0x00000000c6a00000, 0x00000000c6b00000|  0%| F|  |TAMS 0x00000000c6a00000, 0x00000000c6a00000| Untracked 
| 107|0x00000000c6b00000, 0x00000000c6b00000, 0x00000000c6c00000|  0%| F|  |TAMS 0x00000000c6b00000, 0x00000000c6b00000| Untracked 
| 108|0x00000000c6c00000, 0x00000000c6c00000, 0x00000000c6d00000|  0%| F|  |TAMS 0x00000000c6c00000, 0x00000000c6c00000| Untracked 
| 109|0x00000000c6d00000, 0x00000000c6d00000, 0x00000000c6e00000|  0%| F|  |TAMS 0x00000000c6d00000, 0x00000000c6d00000| Untracked 
| 110|0x00000000c6e00000, 0x00000000c6e00000, 0x00000000c6f00000|  0%| F|  |TAMS 0x00000000c6e00000, 0x00000000c6e00000| Untracked 
| 111|0x00000000c6f00000, 0x00000000c6f00000, 0x00000000c7000000|  0%| F|  |TAMS 0x00000000c6f00000, 0x00000000c6f00000| Untracked 
| 112|0x00000000c7000000, 0x00000000c7000000, 0x00000000c7100000|  0%| F|  |TAMS 0x00000000c7000000, 0x00000000c7000000| Untracked 
| 113|0x00000000c7100000, 0x00000000c7100000, 0x00000000c7200000|  0%| F|  |TAMS 0x00000000c7100000, 0x00000000c7100000| Untracked 
| 114|0x00000000c7200000, 0x00000000c7200000, 0x00000000c7300000|  0%| F|  |TAMS 0x00000000c7200000, 0x00000000c7200000| Untracked 
| 115|0x00000000c7300000, 0x00000000c7300000, 0x00000000c7400000|  0%| F|  |TAMS 0x00000000c7300000, 0x00000000c7300000| Untracked 
| 116|0x00000000c7400000, 0x00000000c7400000, 0x00000000c7500000|  0%| F|  |TAMS 0x00000000c7400000, 0x00000000c7400000| Untracked 
| 117|0x00000000c7500000, 0x00000000c7500000, 0x00000000c7600000|  0%| F|  |TAMS 0x00000000c7500000, 0x00000000c7500000| Untracked 
| 118|0x00000000c7600000, 0x00000000c7600000, 0x00000000c7700000|  0%| F|  |TAMS 0x00000000c7600000, 0x00000000c7600000| Untracked 
| 119|0x00000000c7700000, 0x00000000c7700000, 0x00000000c7800000|  0%| F|  |TAMS 0x00000000c7700000, 0x00000000c7700000| Untracked 
| 120|0x00000000c7800000, 0x00000000c7800000, 0x00000000c7900000|  0%| F|  |TAMS 0x00000000c7800000, 0x00000000c7800000| Untracked 
| 121|0x00000000c7900000, 0x00000000c7900000, 0x00000000c7a00000|  0%| F|  |TAMS 0x00000000c7900000, 0x00000000c7900000| Untracked 
| 122|0x00000000c7a00000, 0x00000000c7a00000, 0x00000000c7b00000|  0%| F|  |TAMS 0x00000000c7a00000, 0x00000000c7a00000| Untracked 
| 123|0x00000000c7b00000, 0x00000000c7b00000, 0x00000000c7c00000|  0%| F|  |TAMS 0x00000000c7b00000, 0x00000000c7b00000| Untracked 
| 124|0x00000000c7c00000, 0x00000000c7c00000, 0x00000000c7d00000|  0%| F|  |TAMS 0x00000000c7c00000, 0x00000000c7c00000| Untracked 
| 125|0x00000000c7d00000, 0x00000000c7d00000, 0x00000000c7e00000|  0%| F|  |TAMS 0x00000000c7d00000, 0x00000000c7d00000| Untracked 
| 126|0x00000000c7e00000, 0x00000000c7e00000, 0x00000000c7f00000|  0%| F|  |TAMS 0x00000000c7e00000, 0x00000000c7e00000| Untracked 
| 127|0x00000000c7f00000, 0x00000000c8000000, 0x00000000c8000000|100%| O|  |TAMS 0x00000000c8000000, 0x00000000c7f00000| Untracked 
| 128|0x00000000c8000000, 0x00000000c8100000, 0x00000000c8100000|100%| O|  |TAMS 0x00000000c8100000, 0x00000000c8000000| Untracked 
| 129|0x00000000c8100000, 0x00000000c8100000, 0x00000000c8200000|  0%| F|  |TAMS 0x00000000c8100000, 0x00000000c8100000| Untracked 
| 130|0x00000000c8200000, 0x00000000c8300000, 0x00000000c8300000|100%| O|  |TAMS 0x00000000c8300000, 0x00000000c8200000| Untracked 
| 131|0x00000000c8300000, 0x00000000c8400000, 0x00000000c8400000|100%| O|  |TAMS 0x00000000c8400000, 0x00000000c8300000| Untracked 
| 132|0x00000000c8400000, 0x00000000c8500000, 0x00000000c8500000|100%| O|  |TAMS 0x00000000c8500000, 0x00000000c8400000| Untracked 
| 133|0x00000000c8500000, 0x00000000c8500000, 0x00000000c8600000|  0%| F|  |TAMS 0x00000000c8500000, 0x00000000c8500000| Untracked 
| 134|0x00000000c8600000, 0x00000000c8600000, 0x00000000c8700000|  0%| F|  |TAMS 0x00000000c8600000, 0x00000000c8600000| Untracked 
| 135|0x00000000c8700000, 0x00000000c8700000, 0x00000000c8800000|  0%| F|  |TAMS 0x00000000c8700000, 0x00000000c8700000| Untracked 
| 136|0x00000000c8800000, 0x00000000c88b7e60, 0x00000000c8900000| 71%| E|  |TAMS 0x00000000c8800000, 0x00000000c8800000| Complete 
| 137|0x00000000c8900000, 0x00000000c8a00000, 0x00000000c8a00000|100%| E|CS|TAMS 0x00000000c8900000, 0x00000000c8900000| Complete 
| 138|0x00000000c8a00000, 0x00000000c8b00000, 0x00000000c8b00000|100%| O|  |TAMS 0x00000000c8b00000, 0x00000000c8a00000| Complete 
| 139|0x00000000c8b00000, 0x00000000c8c00000, 0x00000000c8c00000|100%| O|  |TAMS 0x00000000c8c00000, 0x00000000c8b00000| Complete 
| 140|0x00000000c8c00000, 0x00000000c8d00000, 0x00000000c8d00000|100%| O|  |TAMS 0x00000000c8d00000, 0x00000000c8c00000| Complete 
| 141|0x00000000c8d00000, 0x00000000c8e00000, 0x00000000c8e00000|100%| O|  |TAMS 0x00000000c8e00000, 0x00000000c8d00000| Complete 
| 142|0x00000000c8e00000, 0x00000000c8f00000, 0x00000000c8f00000|100%| O|  |TAMS 0x00000000c8f00000, 0x00000000c8e00000| Complete 
| 143|0x00000000c8f00000, 0x00000000c9000000, 0x00000000c9000000|100%| O|  |TAMS 0x00000000c9000000, 0x00000000c8f00000| Complete 
| 144|0x00000000c9000000, 0x00000000c9100000, 0x00000000c9100000|100%| O|  |TAMS 0x00000000c9100000, 0x00000000c9000000| Complete 
| 145|0x00000000c9100000, 0x00000000c9200000, 0x00000000c9200000|100%| O|  |TAMS 0x00000000c9200000, 0x00000000c9100000| Complete 
| 146|0x00000000c9200000, 0x00000000c9300000, 0x00000000c9300000|100%| O|  |TAMS 0x00000000c9300000, 0x00000000c9200000| Complete 
| 147|0x00000000c9300000, 0x00000000c9400000, 0x00000000c9400000|100%| E|CS|TAMS 0x00000000c9300000, 0x00000000c9300000| Complete 
| 148|0x00000000c9400000, 0x00000000c9500000, 0x00000000c9500000|100%| E|CS|TAMS 0x00000000c9400000, 0x00000000c9400000| Complete 
| 149|0x00000000c9500000, 0x00000000c9600000, 0x00000000c9600000|100%| O|  |TAMS 0x00000000c9600000, 0x00000000c9500000| Complete 
| 150|0x00000000c9600000, 0x00000000c9700000, 0x00000000c9700000|100%| O|  |TAMS 0x00000000c9700000, 0x00000000c9600000| Complete 
| 151|0x00000000c9700000, 0x00000000c9800000, 0x00000000c9800000|100%| O|  |TAMS 0x00000000c9800000, 0x00000000c9700000| Complete 
| 152|0x00000000c9800000, 0x00000000c9900000, 0x00000000c9900000|100%| E|CS|TAMS 0x00000000c9800000, 0x00000000c9800000| Complete 

Card table byte_map: [0x00000294a2da0000,0x00000294a2fa0000] _byte_map_base: 0x00000294a27a0000

Marking Bits (Prev, Next): (CMBitMap*) 0x000002948979bd68, (CMBitMap*) 0x000002948979bda0
 Prev Bits: [0x00000294a31a0000, 0x00000294a41a0000)
 Next Bits: [0x00000294a41a0000, 0x00000294a51a0000)

Polling page: 0x0000029489590000

Metaspace:

Usage:
  Non-class:     59.07 MB capacity,    57.00 MB ( 96%) used,     1.93 MB (  3%) free+waste,   142.00 KB ( <1%) overhead. 
      Class:      7.28 MB capacity,     6.17 MB ( 85%) used,     1.04 MB ( 14%) free+waste,    64.25 KB ( <1%) overhead. 
       Both:     66.35 MB capacity,    63.17 MB ( 95%) used,     2.97 MB (  4%) free+waste,   206.25 KB ( <1%) overhead. 

Virtual space:
  Non-class space:       60.00 MB reserved,      59.17 MB ( 99%) committed 
      Class space:        1.00 GB reserved,       7.32 MB ( <1%) committed 
             Both:        1.06 GB reserved,      66.50 MB (  6%) committed 

Chunk freelists:
   Non-Class:  38.00 KB
       Class:  4.00 KB
        Both:  42.00 KB

MaxMetaspaceSize: 17179869184.00 GB
CompressedClassSpaceSize: 1.00 GB

CodeHeap 'non-profiled nmethods': size=120064Kb used=5593Kb max_used=5708Kb free=114470Kb
 bounds [0x000002949b040000, 0x000002949b5e0000, 0x00000294a2580000]
CodeHeap 'profiled nmethods': size=120000Kb used=20472Kb max_used=20829Kb free=99527Kb
 bounds [0x0000029493b10000, 0x0000029494f80000, 0x000002949b040000]
CodeHeap 'non-nmethods': size=5696Kb used=1283Kb max_used=1357Kb free=4412Kb
 bounds [0x0000029493580000, 0x00000294937f0000, 0x0000029493b10000]
 total_blobs=11929 nmethods=7749 adapters=596
 compilation: enabled
              stopped_count=0, restarted_count=0
 full_count=0

Compilation events (20 events):
Event: 666.841 Thread 0x00000294a8161000 8905       1       org.eclipse.jdt.core.dom.SimpleType::getNodeType0 (3 bytes)
Event: 666.841 Thread 0x00000294a8161000 nmethod 8905 0x000002949b2cda90 code [0x000002949b2cdc40, 0x000002949b2cdd58]
Event: 666.841 Thread 0x00000294a8161000 8906   !   3       org.eclipse.jdt.core.dom.DefaultCommentMapper::storeTrailingComments (793 bytes)
Event: 666.844 Thread 0x00000294a8161000 nmethod 8906 0x000002949451fe90 code [0x0000029494520260, 0x0000029494522880]
Event: 666.879 Thread 0x00000294a8161000 8909   !   3       io.reactivex.internal.schedulers.SchedulerPoolFactory$ScheduledTask::run (74 bytes)
Event: 666.880 Thread 0x00000294a8161000 nmethod 8909 0x00000294944ae590 code [0x00000294944ae840, 0x00000294944af790]
Event: 666.880 Thread 0x00000294a8161000 8910       3       java.util.concurrent.ConcurrentHashMap$CollectionView::toArray (145 bytes)
Event: 666.881 Thread 0x00000294a8161000 nmethod 8910 0x00000294944ad210 code [0x00000294944ad4a0, 0x00000294944ae160]
Event: 666.882 Thread 0x00000294aa201000 nmethod 8884 0x000002949b2f9f10 code [0x000002949b2fa140, 0x000002949b2fbef8]
Event: 666.882 Thread 0x00000294aa201000 8885       4       org.eclipse.jdt.internal.core.NameLookup::isPackage (64 bytes)
Event: 666.893 Thread 0x00000294a8161000 8911       3       org.eclipse.jdt.core.dom.TypeDeclaration::internalStructuralPropertiesForType (5 bytes)
Event: 666.894 Thread 0x00000294a8161000 nmethod 8911 0x00000294943f6010 code [0x00000294943f61c0, 0x00000294943f63d8]
Event: 666.897 Thread 0x00000294a8161000 8912       3       org.eclipse.jdt.internal.core.JavaModelManager::getOptions (295 bytes)
Event: 666.901 Thread 0x00000294a8161000 nmethod 8912 0x000002949451ab10 code [0x000002949451b1a0, 0x000002949451ec00]
Event: 666.902 Thread 0x00000294a8161000 8913       3       org.eclipse.text.edits.TextEdit::traverseConsistencyCheck (82 bytes)
Event: 666.903 Thread 0x00000294a8161000 nmethod 8913 0x0000029494417910 code [0x0000029494417b40, 0x00000294944183b0]
Event: 666.904 Thread 0x00000294a8161000 8914       3       java.lang.Math::max (12 bytes)
Event: 666.904 Thread 0x00000294a8161000 nmethod 8914 0x000002949426e810 code [0x000002949426e9c0, 0x000002949426eb58]
Event: 666.904 Thread 0x00000294a8161000 8915       3       java.util.Collections$1::next (25 bytes)
Event: 666.905 Thread 0x00000294a8161000 nmethod 8915 0x00000294943f8b10 code [0x00000294943f8ce0, 0x00000294943f8ef0]

GC Heap History (20 events):
Event: 445.446 GC heap before
{Heap before GC invocations=19 (full 0):
 garbage-first heap   total 156672K, used 108389K [0x00000000c0000000, 0x0000000100000000)
  region size 1024K, 33 young (33792K), 1 survivors (1024K)
 Metaspace       used 61400K, capacity 64680K, committed 64892K, reserved 1107968K
  class space    used 6143K, capacity 7289K, committed 7372K, reserved 1048576K
}
Event: 445.457 GC heap after
{Heap after GC invocations=20 (full 0):
 garbage-first heap   total 156672K, used 78329K [0x00000000c0000000, 0x0000000100000000)
  region size 1024K, 3 young (3072K), 3 survivors (3072K)
 Metaspace       used 61400K, capacity 64680K, committed 64892K, reserved 1107968K
  class space    used 6143K, capacity 7289K, committed 7372K, reserved 1048576K
}
Event: 487.606 GC heap before
{Heap before GC invocations=21 (full 0):
 garbage-first heap   total 156672K, used 113145K [0x00000000c0000000, 0x0000000100000000)
  region size 1024K, 37 young (37888K), 3 survivors (3072K)
 Metaspace       used 62201K, capacity 65326K, committed 65404K, reserved 1107968K
  class space    used 6210K, capacity 7336K, committed 7372K, reserved 1048576K
}
Event: 487.620 GC heap after
{Heap after GC invocations=22 (full 0):
 garbage-first heap   total 156672K, used 81795K [0x00000000c0000000, 0x0000000100000000)
  region size 1024K, 5 young (5120K), 5 survivors (5120K)
 Metaspace       used 62201K, capacity 65326K, committed 65404K, reserved 1107968K
  class space    used 6210K, capacity 7336K, committed 7372K, reserved 1048576K
}
Event: 487.878 GC heap before
{Heap before GC invocations=22 (full 0):
 garbage-first heap   total 156672K, used 86915K [0x00000000c0000000, 0x0000000100000000)
  region size 1024K, 7 young (7168K), 5 survivors (5120K)
 Metaspace       used 62221K, capacity 65390K, committed 65660K, reserved 1107968K
  class space    used 6211K, capacity 7336K, committed 7372K, reserved 1048576K
}
Event: 487.924 GC heap after
{Heap after GC invocations=23 (full 0):
 garbage-first heap   total 156672K, used 80988K [0x00000000c0000000, 0x0000000100000000)
  region size 1024K, 1 young (1024K), 1 survivors (1024K)
 Metaspace       used 62221K, capacity 65390K, committed 65660K, reserved 1107968K
  class space    used 6211K, capacity 7336K, committed 7372K, reserved 1048576K
}
Event: 490.227 GC heap before
{Heap before GC invocations=23 (full 0):
 garbage-first heap   total 156672K, used 114780K [0x00000000c0000000, 0x0000000100000000)
  region size 1024K, 35 young (35840K), 1 survivors (1024K)
 Metaspace       used 63292K, capacity 66555K, committed 66812K, reserved 1107968K
  class space    used 6264K, capacity 7403K, committed 7500K, reserved 1048576K
}
Event: 490.276 GC heap after
{Heap after GC invocations=24 (full 0):
 garbage-first heap   total 156672K, used 94208K [0x00000000c0000000, 0x0000000100000000)
  region size 1024K, 5 young (5120K), 5 survivors (5120K)
 Metaspace       used 63292K, capacity 66555K, committed 66812K, reserved 1107968K
  class space    used 6264K, capacity 7403K, committed 7500K, reserved 1048576K
}
Event: 491.806 GC heap before
{Heap before GC invocations=25 (full 0):
 garbage-first heap   total 156672K, used 120832K [0x00000000c0000000, 0x0000000100000000)
  region size 1024K, 31 young (31744K), 5 survivors (5120K)
 Metaspace       used 63896K, capacity 67135K, committed 67324K, reserved 1110016K
  class space    used 6303K, capacity 7448K, committed 7500K, reserved 1048576K
}
Event: 491.828 GC heap after
{Heap after GC invocations=26 (full 0):
 garbage-first heap   total 156672K, used 97305K [0x00000000c0000000, 0x0000000100000000)
  region size 1024K, 4 young (4096K), 4 survivors (4096K)
 Metaspace       used 63896K, capacity 67135K, committed 67324K, reserved 1110016K
  class space    used 6303K, capacity 7448K, committed 7500K, reserved 1048576K
}
Event: 491.985 GC heap before
{Heap before GC invocations=26 (full 0):
 garbage-first heap   total 156672K, used 100377K [0x00000000c0000000, 0x0000000100000000)
  region size 1024K, 7 young (7168K), 4 survivors (4096K)
 Metaspace       used 63961K, capacity 67199K, committed 67324K, reserved 1110016K
  class space    used 6304K, capacity 7448K, committed 7500K, reserved 1048576K
}
Event: 492.000 GC heap after
{Heap after GC invocations=27 (full 0):
 garbage-first heap   total 156672K, used 97077K [0x00000000c0000000, 0x0000000100000000)
  region size 1024K, 1 young (1024K), 1 survivors (1024K)
 Metaspace       used 63961K, capacity 67199K, committed 67324K, reserved 1110016K
  class space    used 6304K, capacity 7448K, committed 7500K, reserved 1048576K
}
Event: 492.670 GC heap before
{Heap before GC invocations=27 (full 0):
 garbage-first heap   total 156672K, used 122677K [0x00000000c0000000, 0x0000000100000000)
  region size 1024K, 27 young (27648K), 1 survivors (1024K)
 Metaspace       used 64181K, capacity 67393K, committed 67580K, reserved 1110016K
  class space    used 6310K, capacity 7448K, committed 7500K, reserved 1048576K
}
Event: 492.682 GC heap after
{Heap after GC invocations=28 (full 0):
 garbage-first heap   total 156672K, used 99077K [0x00000000c0000000, 0x0000000100000000)
  region size 1024K, 3 young (3072K), 3 survivors (3072K)
 Metaspace       used 64181K, capacity 67393K, committed 67580K, reserved 1110016K
  class space    used 6310K, capacity 7448K, committed 7500K, reserved 1048576K
}
Event: 507.065 GC heap before
{Heap before GC invocations=29 (full 0):
 garbage-first heap   total 156672K, used 124677K [0x00000000c0000000, 0x0000000100000000)
  region size 1024K, 29 young (29696K), 3 survivors (3072K)
 Metaspace       used 64377K, capacity 67667K, committed 67836K, reserved 1110016K
  class space    used 6316K, capacity 7452K, committed 7500K, reserved 1048576K
}
Event: 507.091 GC heap after
{Heap after GC invocations=30 (full 0):
 garbage-first heap   total 156672K, used 97207K [0x00000000c0000000, 0x0000000100000000)
  region size 1024K, 2 young (2048K), 2 survivors (2048K)
 Metaspace       used 64377K, capacity 67667K, committed 67836K, reserved 1110016K
  class space    used 6316K, capacity 7452K, committed 7500K, reserved 1048576K
}
Event: 512.303 GC heap before
{Heap before GC invocations=30 (full 0):
 garbage-first heap   total 156672K, used 102327K [0x00000000c0000000, 0x0000000100000000)
  region size 1024K, 7 young (7168K), 2 survivors (2048K)
 Metaspace       used 64401K, capacity 67667K, committed 67836K, reserved 1110016K
  class space    used 6316K, capacity 7452K, committed 7500K, reserved 1048576K
}
Event: 512.329 GC heap after
{Heap after GC invocations=31 (full 0):
 garbage-first heap   total 156672K, used 91460K [0x00000000c0000000, 0x0000000100000000)
  region size 1024K, 1 young (1024K), 1 survivors (1024K)
 Metaspace       used 64401K, capacity 67667K, committed 67836K, reserved 1110016K
  class space    used 6316K, capacity 7452K, committed 7500K, reserved 1048576K
}
Event: 666.466 GC heap before
{Heap before GC invocations=31 (full 0):
 garbage-first heap   total 156672K, used 121156K [0x00000000c0000000, 0x0000000100000000)
  region size 1024K, 30 young (30720K), 1 survivors (1024K)
 Metaspace       used 64622K, capacity 67814K, committed 68092K, reserved 1110016K
  class space    used 6317K, capacity 7452K, committed 7500K, reserved 1048576K
}
Event: 666.476 GC heap after
{Heap after GC invocations=32 (full 0):
 garbage-first heap   total 156672K, used 91017K [0x00000000c0000000, 0x0000000100000000)
  region size 1024K, 1 young (1024K), 1 survivors (1024K)
 Metaspace       used 64622K, capacity 67814K, committed 68092K, reserved 1110016K
  class space    used 6317K, capacity 7452K, committed 7500K, reserved 1048576K
}

Deoptimization events (20 events):
Event: 512.409 Thread 0x00000294aa1fd000 DEOPT PACKING pc=0x000002949b361e04 sp=0x000000b565bfde40
Event: 512.409 Thread 0x00000294aa1fd000 DEOPT UNPACKING pc=0x00000294935a8f2f sp=0x000000b565bfdd60 mode 2
Event: 512.409 Thread 0x00000294aa1fd000 Uncommon trap: trap_request=0xffffff4d fr.pc=0x000002949b26b3b8 relative=0x0000000000000098
Event: 512.409 Thread 0x00000294aa1fd000 Uncommon trap: reason=unstable_if action=reinterpret pc=0x000002949b26b3b8 method=java.lang.CharacterData.of(I)Ljava/lang/CharacterData; @ 4 c2
Event: 512.409 Thread 0x00000294aa1fd000 DEOPT PACKING pc=0x000002949b26b3b8 sp=0x000000b565bfdd60
Event: 512.409 Thread 0x00000294aa1fd000 DEOPT UNPACKING pc=0x00000294935a8f2f sp=0x000000b565bfdc40 mode 2
Event: 512.425 Thread 0x00000294aa1fd000 DEOPT PACKING pc=0x0000029494aef43a sp=0x000000b565bfde70
Event: 512.425 Thread 0x00000294aa1fd000 DEOPT UNPACKING pc=0x00000294935a8d4e sp=0x000000b565bfd470 mode 0
Event: 512.513 Thread 0x00000294aa1fd000 Uncommon trap: trap_request=0xffffffc6 fr.pc=0x000002949b569940 relative=0x0000000000003de0
Event: 512.513 Thread 0x00000294aa1fd000 Uncommon trap: reason=bimorphic_or_optimized_type_check action=maybe_recompile pc=0x000002949b569940 method=org.eclipse.jdt.internal.compiler.parser.Parser.parse()V @ 332 c2
Event: 512.513 Thread 0x00000294aa1fd000 DEOPT PACKING pc=0x000002949b569940 sp=0x000000b565bfe6a0
Event: 512.513 Thread 0x00000294aa1fd000 DEOPT UNPACKING pc=0x00000294935a8f2f sp=0x000000b565bfe680 mode 2
Event: 512.517 Thread 0x00000294aa1fd000 Uncommon trap: trap_request=0xffffffc6 fr.pc=0x000002949b569940 relative=0x0000000000003de0
Event: 512.517 Thread 0x00000294aa1fd000 Uncommon trap: reason=bimorphic_or_optimized_type_check action=maybe_recompile pc=0x000002949b569940 method=org.eclipse.jdt.internal.compiler.parser.Parser.parse()V @ 332 c2
Event: 512.517 Thread 0x00000294aa1fd000 DEOPT PACKING pc=0x000002949b569940 sp=0x000000b565bfe730
Event: 512.517 Thread 0x00000294aa1fd000 DEOPT UNPACKING pc=0x00000294935a8f2f sp=0x000000b565bfe710 mode 2
Event: 512.531 Thread 0x00000294aa1fd000 DEOPT PACKING pc=0x0000029494aef43a sp=0x000000b565bfde30
Event: 512.531 Thread 0x00000294aa1fd000 DEOPT UNPACKING pc=0x00000294935a8d4e sp=0x000000b565bfd430 mode 0
Event: 512.731 Thread 0x00000294aa1fd000 DEOPT PACKING pc=0x0000029494efcdc0 sp=0x000000b565bfe130
Event: 512.732 Thread 0x00000294aa1fd000 DEOPT UNPACKING pc=0x00000294935a8d4e sp=0x000000b565bfd6f0 mode 0

Classes redefined (0 events):
No events

Internal exceptions (20 events):
Event: 492.529 Thread 0x00000294aa1fd000 Exception <a 'java/lang/ClassCastException'{0x00000000c7366180}> (0x00000000c7366180) thrown at [c:/cygwin64/tmp/openjdk-jdk11u-windows-x64-hotspot/workspace/build/src/src/hotspot/share/runtime/sharedRuntime.cpp, line 584]
Event: 492.529 Thread 0x00000294aa1fd000 Exception <a 'java/lang/ClassCastException'{0x00000000c7366c78}> (0x00000000c7366c78) thrown at [c:/cygwin64/tmp/openjdk-jdk11u-windows-x64-hotspot/workspace/build/src/src/hotspot/share/runtime/sharedRuntime.cpp, line 584]
Event: 492.530 Thread 0x00000294aa1fd000 Exception <a 'java/lang/ClassCastException'{0x00000000c7379018}> (0x00000000c7379018) thrown at [c:/cygwin64/tmp/openjdk-jdk11u-windows-x64-hotspot/workspace/build/src/src/hotspot/share/runtime/sharedRuntime.cpp, line 584]
Event: 492.530 Thread 0x00000294aa1fd000 Exception <a 'java/lang/ClassCastException'{0x00000000c7380ed8}> (0x00000000c7380ed8) thrown at [c:/cygwin64/tmp/openjdk-jdk11u-windows-x64-hotspot/workspace/build/src/src/hotspot/share/runtime/sharedRuntime.cpp, line 584]
Event: 492.530 Thread 0x00000294aa1fd000 Exception <a 'java/lang/ClassCastException'{0x00000000c73819d0}> (0x00000000c73819d0) thrown at [c:/cygwin64/tmp/openjdk-jdk11u-windows-x64-hotspot/workspace/build/src/src/hotspot/share/runtime/sharedRuntime.cpp, line 584]
Event: 492.535 Thread 0x00000294aa1fd000 Exception <a 'java/lang/ClassCastException'{0x00000000c73b88c8}> (0x00000000c73b88c8) thrown at [c:/cygwin64/tmp/openjdk-jdk11u-windows-x64-hotspot/workspace/build/src/src/hotspot/share/runtime/sharedRuntime.cpp, line 584]
Event: 492.537 Thread 0x00000294aa1fd000 Exception <a 'java/lang/ClassCastException'{0x00000000c73cdc40}> (0x00000000c73cdc40) thrown at [c:/cygwin64/tmp/openjdk-jdk11u-windows-x64-hotspot/workspace/build/src/src/hotspot/share/runtime/sharedRuntime.cpp, line 584]
Event: 492.537 Thread 0x00000294aa1fd000 Exception <a 'java/lang/ClassCastException'{0x00000000c73d6370}> (0x00000000c73d6370) thrown at [c:/cygwin64/tmp/openjdk-jdk11u-windows-x64-hotspot/workspace/build/src/src/hotspot/share/runtime/sharedRuntime.cpp, line 584]
Event: 492.547 Thread 0x00000294aa1fd000 Implicit null exception at 0x000002949b2bf4c0 to 0x000002949b2bf5fe
Event: 494.793 Thread 0x00000294a86c9800 Implicit null exception at 0x000002949b38b29e to 0x000002949b38f402
Event: 494.927 Thread 0x00000294a8322800 Exception <a 'sun/nio/fs/WindowsException'{0x00000000c7b40978}> (0x00000000c7b40978) thrown at [c:/cygwin64/tmp/openjdk-jdk11u-windows-x64-hotspot/workspace/build/src/src/hotspot/share/prims/jni.cpp, line 615]
Event: 494.932 Thread 0x00000294a8322800 Exception <a 'sun/nio/fs/WindowsException'{0x00000000c7b4eb68}> (0x00000000c7b4eb68) thrown at [c:/cygwin64/tmp/openjdk-jdk11u-windows-x64-hotspot/workspace/build/src/src/hotspot/share/prims/jni.cpp, line 615]
Event: 494.934 Thread 0x00000294a8322800 Exception <a 'sun/nio/fs/WindowsException'{0x00000000c7b53420}> (0x00000000c7b53420) thrown at [c:/cygwin64/tmp/openjdk-jdk11u-windows-x64-hotspot/workspace/build/src/src/hotspot/share/prims/jni.cpp, line 615]
Event: 494.938 Thread 0x00000294a8322800 Exception <a 'sun/nio/fs/WindowsException'{0x00000000c7b58a40}> (0x00000000c7b58a40) thrown at [c:/cygwin64/tmp/openjdk-jdk11u-windows-x64-hotspot/workspace/build/src/src/hotspot/share/prims/jni.cpp, line 615]
Event: 497.814 Thread 0x00000294aa1fd000 Exception <a 'java/lang/ArrayIndexOutOfBoundsException'{0x00000000c7c4abd0}: Index 540 out of bounds for length 540> (0x00000000c7c4abd0) thrown at [c:/cygwin64/tmp/openjdk-jdk11u-windows-x64-hotspot/workspace/build/src/src/hotspot/share/interpreter/inter
Event: 497.814 Thread 0x00000294aa1fd000 Exception <a 'java/lang/ArrayIndexOutOfBoundsException'{0x00000000c7c4aef0}: Index 541 out of bounds for length 540> (0x00000000c7c4aef0) thrown at [c:/cygwin64/tmp/openjdk-jdk11u-windows-x64-hotspot/workspace/build/src/src/hotspot/share/interpreter/inter
Event: 497.814 Thread 0x00000294aa1fd000 Exception <a 'java/lang/ArrayIndexOutOfBoundsException'{0x00000000c7c4b210}: Index 541 out of bounds for length 540> (0x00000000c7c4b210) thrown at [c:/cygwin64/tmp/openjdk-jdk11u-windows-x64-hotspot/workspace/build/src/src/hotspot/share/interpreter/inter
Event: 666.285 Thread 0x00000294aa1ff800 Exception <a 'java/lang/ArrayIndexOutOfBoundsException'{0x00000000c6d84c88}> (0x00000000c6d84c88) thrown at [c:/cygwin64/tmp/openjdk-jdk11u-windows-x64-hotspot/workspace/build/src/src/hotspot/share/runtime/sharedRuntime.cpp, line 584]
Event: 666.285 Thread 0x00000294aa1ff800 Exception <a 'java/lang/ArrayIndexOutOfBoundsException'{0x00000000c6d84fa8}: Index 541 out of bounds for length 540> (0x00000000c6d84fa8) thrown at [c:/cygwin64/tmp/openjdk-jdk11u-windows-x64-hotspot/workspace/build/src/src/hotspot/share/interpreter/inter
Event: 666.285 Thread 0x00000294aa1ff800 Exception <a 'java/lang/ArrayIndexOutOfBoundsException'{0x00000000c6d852c8}> (0x00000000c6d852c8) thrown at [c:/cygwin64/tmp/openjdk-jdk11u-windows-x64-hotspot/workspace/build/src/src/hotspot/share/runtime/sharedRuntime.cpp, line 584]

Events (20 events):
Event: 666.445 Thread 0x00000294a816e000 flushing nmethod 0x000002949468a510
Event: 666.445 Thread 0x00000294a816e000 flushing nmethod 0x000002949468af10
Event: 666.446 Thread 0x00000294a816e000 flushing nmethod 0x000002949472c590
Event: 666.446 Thread 0x00000294a816e000 flushing nmethod 0x000002949473da90
Event: 666.446 Thread 0x00000294a816e000 flushing nmethod 0x0000029494758310
Event: 666.446 Thread 0x00000294a816e000 flushing nmethod 0x000002949475ca10
Event: 666.446 Thread 0x00000294a816e000 flushing nmethod 0x0000029494769f10
Event: 666.446 Thread 0x00000294a816e000 flushing nmethod 0x000002949476a710
Event: 666.446 Thread 0x00000294a816e000 flushing nmethod 0x000002949476b090
Event: 666.446 Thread 0x00000294a816e000 flushing nmethod 0x000002949476b990
Event: 666.446 Thread 0x00000294a816e000 flushing nmethod 0x000002949477c210
Event: 666.446 Thread 0x00000294a816e000 flushing nmethod 0x0000029494786d10
Event: 666.446 Thread 0x00000294a816e000 flushing nmethod 0x00000294947bdc90
Event: 666.465 Executing VM operation: G1CollectForAllocation
Event: 666.476 Executing VM operation: G1CollectForAllocation done
Event: 666.478 Thread 0x00000294aa201000 Thread added: 0x00000294aa201000
Event: 666.718 Executing VM operation: CGC_Operation
Event: 666.732 Executing VM operation: CGC_Operation done
Event: 666.852 Executing VM operation: CGC_Operation
Event: 666.868 Executing VM operation: CGC_Operation done


Dynamic libraries:
0x00007ff60d1c0000 - 0x00007ff60d1cd000 	C:\Users\Work\AppData\Local\Programs\AdoptOpenJDK\bin\java.exe
0x00007ffb5fb60000 - 0x00007ffb5fd50000 	C:\WINDOWS\SYSTEM32\ntdll.dll
0x00007ffb5f660000 - 0x00007ffb5f712000 	C:\WINDOWS\System32\KERNEL32.DLL
0x00007ffb5cea0000 - 0x00007ffb5d143000 	C:\WINDOWS\System32\KERNELBASE.dll
0x00007ffb5cc90000 - 0x00007ffb5cd8a000 	C:\WINDOWS\System32\ucrtbase.dll
0x00007ffb426b0000 - 0x00007ffb426c7000 	C:\Users\Work\AppData\Local\Programs\AdoptOpenJDK\bin\jli.dll
0x00007ffb5e640000 - 0x00007ffb5e7d4000 	C:\WINDOWS\System32\USER32.dll
0x00007ffb5db60000 - 0x00007ffb5db81000 	C:\WINDOWS\System32\win32u.dll
0x00007ffb5f150000 - 0x00007ffb5f176000 	C:\WINDOWS\System32\GDI32.dll
0x00007ffb5caf0000 - 0x00007ffb5cc84000 	C:\WINDOWS\System32\gdi32full.dll
0x00007ffb5d2a0000 - 0x00007ffb5d33e000 	C:\WINDOWS\System32\msvcp_win.dll
0x00007ffb41cf0000 - 0x00007ffb41d06000 	C:\Users\Work\AppData\Local\Programs\AdoptOpenJDK\bin\VCRUNTIME140.dll
0x00007ffb4b2a0000 - 0x00007ffb4b525000 	C:\WINDOWS\WinSxS\amd64_microsoft.windows.common-controls_6595b64144ccf1df_6.0.18362.592_none_e6c0b1911312be02\COMCTL32.dll
0x00007ffb5fa80000 - 0x00007ffb5fb1e000 	C:\WINDOWS\System32\msvcrt.dll
0x00007ffb5dc10000 - 0x00007ffb5df46000 	C:\WINDOWS\System32\combase.dll
0x00007ffb5f800000 - 0x00007ffb5f920000 	C:\WINDOWS\System32\RPCRT4.dll
0x00007ffb5db90000 - 0x00007ffb5dc10000 	C:\WINDOWS\System32\bcryptPrimitives.dll
0x00007ffb5e890000 - 0x00007ffb5e8be000 	C:\WINDOWS\System32\IMM32.DLL
0x00007ffb3f060000 - 0x00007ffb3f0fb000 	C:\Users\Work\AppData\Local\Programs\AdoptOpenJDK\bin\msvcp140.dll
0x00007ffb19ab0000 - 0x00007ffb1a56c000 	C:\Users\Work\AppData\Local\Programs\AdoptOpenJDK\bin\server\jvm.dll
0x00007ffb5ef40000 - 0x00007ffb5efe3000 	C:\WINDOWS\System32\ADVAPI32.dll
0x00007ffb5f920000 - 0x00007ffb5f9b7000 	C:\WINDOWS\System32\sechost.dll
0x00007ffb5f180000 - 0x00007ffb5f188000 	C:\WINDOWS\System32\PSAPI.DLL
0x00007ffb4b6f0000 - 0x00007ffb4b6f9000 	C:\WINDOWS\SYSTEM32\WSOCK32.dll
0x00007ffb5f280000 - 0x00007ffb5f2ef000 	C:\WINDOWS\System32\WS2_32.dll
0x00007ffb5a080000 - 0x00007ffb5a0a4000 	C:\WINDOWS\SYSTEM32\WINMM.dll
0x00007ffb4cc70000 - 0x00007ffb4cc7a000 	C:\WINDOWS\SYSTEM32\VERSION.dll
0x00007ffb5a050000 - 0x00007ffb5a07d000 	C:\WINDOWS\SYSTEM32\WINMMBASE.dll
0x00007ffb5d360000 - 0x00007ffb5d3aa000 	C:\WINDOWS\System32\cfgmgr32.dll
0x00007ffb5ca60000 - 0x00007ffb5ca71000 	C:\WINDOWS\System32\kernel.appcore.dll
0x00007ffb4b030000 - 0x00007ffb4b040000 	C:\Users\Work\AppData\Local\Programs\AdoptOpenJDK\bin\verify.dll
0x00007ffb5b050000 - 0x00007ffb5b244000 	C:\WINDOWS\SYSTEM32\DBGHELP.DLL
0x00007ffb37d00000 - 0x00007ffb37d2a000 	C:\WINDOWS\SYSTEM32\dbgcore.DLL
0x00007ffb41980000 - 0x00007ffb419a8000 	C:\Users\Work\AppData\Local\Programs\AdoptOpenJDK\bin\java.dll
0x00007ffb41b10000 - 0x00007ffb41b27000 	C:\Users\Work\AppData\Local\Programs\AdoptOpenJDK\bin\zip.dll
0x00007ffb4a630000 - 0x00007ffb4a63a000 	C:\Users\Work\AppData\Local\Programs\AdoptOpenJDK\bin\jimage.dll
0x00007ffb5df50000 - 0x00007ffb5e635000 	C:\WINDOWS\System32\SHELL32.dll
0x00007ffb5f9c0000 - 0x00007ffb5fa69000 	C:\WINDOWS\System32\shcore.dll
0x00007ffb5d3b0000 - 0x00007ffb5db2f000 	C:\WINDOWS\System32\windows.storage.dll
0x00007ffb5ca80000 - 0x00007ffb5ca9f000 	C:\WINDOWS\System32\profapi.dll
0x00007ffb5caa0000 - 0x00007ffb5caea000 	C:\WINDOWS\System32\powrprof.dll
0x00007ffb5ca30000 - 0x00007ffb5ca40000 	C:\WINDOWS\System32\UMPDC.dll
0x00007ffb5e9f0000 - 0x00007ffb5ea42000 	C:\WINDOWS\System32\shlwapi.dll
0x00007ffb5d340000 - 0x00007ffb5d357000 	C:\WINDOWS\System32\cryptsp.dll
0x00007ffb41960000 - 0x00007ffb41979000 	C:\Users\Work\AppData\Local\Programs\AdoptOpenJDK\bin\net.dll
0x00007ffb50c80000 - 0x00007ffb50d70000 	C:\WINDOWS\SYSTEM32\WINHTTP.dll
0x00007ffb5c240000 - 0x00007ffb5c2a7000 	C:\WINDOWS\system32\mswsock.dll
0x00007ffb412f0000 - 0x00007ffb41302000 	C:\Users\Work\AppData\Local\Programs\AdoptOpenJDK\bin\nio.dll
0x00007ffb5bdb0000 - 0x00007ffb5bde3000 	C:\WINDOWS\system32\rsaenh.dll
0x00007ffb5db30000 - 0x00007ffb5db56000 	C:\WINDOWS\System32\bcrypt.dll
0x00007ffb5c950000 - 0x00007ffb5c975000 	C:\WINDOWS\SYSTEM32\USERENV.dll
0x00007ffb5c410000 - 0x00007ffb5c41c000 	C:\WINDOWS\SYSTEM32\CRYPTBASE.dll
0x00007ffb5bf50000 - 0x00007ffb5bf8a000 	C:\WINDOWS\SYSTEM32\IPHLPAPI.DLL
0x00007ffb5f7f0000 - 0x00007ffb5f7f8000 	C:\WINDOWS\System32\NSI.dll
0x00007ffb4e680000 - 0x00007ffb4e696000 	C:\WINDOWS\SYSTEM32\dhcpcsvc6.DLL
0x00007ffb4ec60000 - 0x00007ffb4ec7c000 	C:\WINDOWS\SYSTEM32\dhcpcsvc.DLL
0x00007ffb5bf90000 - 0x00007ffb5c05a000 	C:\WINDOWS\SYSTEM32\DNSAPI.dll
0x00007ffb4be60000 - 0x00007ffb4be89000 	C:\Users\Work\.vscode\extensions\redhat.java-0.55.1\server\config_win\org.eclipse.equinox.launcher\org.eclipse.equinox.launcher.win32.win32.x86_64_1.1.1100.v20190907-0426\eclipse_1902.dll
0x00007ffb4ddf0000 - 0x00007ffb4de01000 	C:\Users\Work\.vscode\extensions\redhat.java-0.55.1\server\config_win\org.eclipse.osgi\20\0\.cp\jWinHttp-1.0.0.dll
0x00007ffb5f500000 - 0x00007ffb5f656000 	C:\WINDOWS\System32\ole32.dll
0x00007ffb412c0000 - 0x00007ffb412e6000 	C:\Users\Work\AppData\Local\Programs\AdoptOpenJDK\bin\sunec.dll

dbghelp: loaded successfully - version: 4.0.5 - missing functions: none
symbol engine: initialized successfully - sym options: 0x614 - pdb path: .;C:\Users\Work\AppData\Local\Programs\AdoptOpenJDK\bin;C:\WINDOWS\SYSTEM32;C:\WINDOWS\WinSxS\amd64_microsoft.windows.common-controls_6595b64144ccf1df_6.0.18362.592_none_e6c0b1911312be02;C:\Users\Work\AppData\Local\Programs\AdoptOpenJDK\bin\server;C:\Users\Work\.vscode\extensions\redhat.java-0.55.1\server\config_win\org.eclipse.equinox.launcher\org.eclipse.equinox.launcher.win32.win32.x86_64_1.1.1100.v20190907-0426;C:\Users\Work\.vscode\extensions\redhat.java-0.55.1\server\config_win\org.eclipse.osgi\20\0\.cp

VM Arguments:
jvm_args: --add-modules=ALL-SYSTEM --add-opens=java.base/java.util=ALL-UNNAMED --add-opens=java.base/java.lang=ALL-UNNAMED -Declipse.application=org.eclipse.jdt.ls.core.id1 -Dosgi.bundles.defaultStartLevel=4 -Declipse.product=org.eclipse.jdt.ls.core.product -Dfile.encoding=utf8 -DwatchParentProcess=false -Xverify:none -Xmx1G -XX:+UseG1GC -XX:+UseStringDeduplication 
java_command: c:\Users\Work\.vscode\extensions\redhat.java-0.55.1\server\plugins\org.eclipse.equinox.launcher_1.5.600.v20191014-2022.jar -configuration c:\Users\Work\.vscode\extensions\redhat.java-0.55.1\server\config_win -data c:\Users\Work\AppData\Roaming\Code\User\workspaceStorage\e175c2d2ec38ba0845371d7325846c6e\redhat.java\jdt_ws
java_class_path (initial): c:\Users\Work\.vscode\extensions\redhat.java-0.55.1\server\plugins\org.eclipse.equinox.launcher_1.5.600.v20191014-2022.jar
Launcher Type: SUN_STANDARD

[Global flags]
     bool BytecodeVerificationLocal                = false                                     {product} {command line}
     bool BytecodeVerificationRemote               = false                                     {product} {command line}
     intx CICompilerCount                          = 3                                         {product} {ergonomic}
     uint ConcGCThreads                            = 1                                         {product} {ergonomic}
     uint G1ConcRefinementThreads                  = 4                                         {product} {ergonomic}
   size_t G1HeapRegionSize                         = 1048576                                   {product} {ergonomic}
    uintx GCDrainStackTargetSize                   = 64                                        {product} {ergonomic}
   size_t InitialHeapSize                          = 132120576                                 {product} {ergonomic}
   size_t MarkStackSize                            = 4194304                                   {product} {ergonomic}
   size_t MaxHeapSize                              = 1073741824                                {product} {command line}
   size_t MaxNewSize                               = 643825664                                 {product} {ergonomic}
   size_t MinHeapDeltaBytes                        = 1048576                                   {product} {ergonomic}
    uintx NonNMethodCodeHeapSize                   = 5830732                                {pd product} {ergonomic}
    uintx NonProfiledCodeHeapSize                  = 122913754                              {pd product} {ergonomic}
    uintx ProfiledCodeHeapSize                     = 122913754                              {pd product} {ergonomic}
    uintx ReservedCodeCacheSize                    = 251658240                              {pd product} {ergonomic}
     bool SegmentedCodeCache                       = true                                      {product} {ergonomic}
     bool UseCompressedClassPointers               = true                                 {lp64_product} {ergonomic}
     bool UseCompressedOops                        = true                                 {lp64_product} {ergonomic}
     bool UseG1GC                                  = true                                      {product} {command line}
     bool UseLargePagesIndividualAllocation        = false                                  {pd product} {ergonomic}
     bool UseStringDeduplication                   = true                                      {product} {command line}

Logging:
Log output configuration:
 #0: stdout all=warning uptime,level,tags
 #1: stderr all=off uptime,level,tags

Environment Variables:
JAVA_HOME=C:\Users\Work\AppData\Local\Programs\AdoptOpenJDK\
PATH=C:\WINDOWS\system32;C:\WINDOWS;C:\WINDOWS\System32\Wbem;C:\WINDOWS\System32\WindowsPowerShell\v1.0\;C:\Program Files\Git\cmd;C:\WINDOWS\System32\OpenSSH\;C:\Program Files\nodejs\;C:\Program Files (x86)\IDEMIA\AWP\Dlls;C:\Program Files\IDEMIA\AWP\Dlls;C:\Program Files\PuTTY\;C:\Users\Work\AppData\Local\Programs\AdoptOpenJDK\bin;C:\Users\Work\AppData\Local\Programs\Python\Python37-32\Scripts\;C:\Users\Work\AppData\Local\Programs\Python\Python37-32\;C:\Users\Work\AppData\Local\Microsoft\WindowsApps;C:\Users\a\AppData\Local\atom\bin;C:\Users\Work\AppData\Local\Microsoft\WindowsApps;C:\Users\Work\AppData\Local\GitHubDesktop\bin;C:\Users\Work\AppData\Local\Programs\Microsoft VS Code\bin
USERNAME=Work
OS=Windows_NT
PROCESSOR_IDENTIFIER=Intel64 Family 6 Model 78 Stepping 3, GenuineIntel



---------------  S Y S T E M  ---------------

OS: Windows 10 , 64 bit Build 18362 (10.0.18362.329)

CPU:total 4 (initial active 4) (2 cores per cpu, 2 threads per core) family 6 model 78 stepping 3, cmov, cx8, fxsr, mmx, sse, sse2, sse3, ssse3, sse4.1, sse4.2, popcnt, avx, avx2, aes, clmul, erms, 3dnowpref, lzcnt, ht, tsc, tscinvbit, bmi1, bmi2, adx, fma

Memory: 4k page, system-wide physical 8032M (860M free)
TotalPageFile size 12128M (AvailPageFile size 5M)
current process WorkingSet (physical memory assigned to process): 329M, peak: 367M
current process commit charge ("private bytes"): 380M, peak: 421M

vm_info: OpenJDK 64-Bit Server VM (11.0.6+10) for windows-amd64 JRE (11.0.6+10), built on Jan 15 2020 06:14:58 by "" with MS VC++ 15.8 (VS2017)

END.
